<?xml version="1.0" encoding="UTF-8"?>
<testng-results skipped="0" failed="0" ignored="0" total="1" passed="1">
  <reporter-output>
  </reporter-output>
  <suite name="InetBankingV1" duration-ms="95151" started-at="2021-06-04T08:30:16Z" finished-at="2021-06-04T08:31:51Z">
    <groups>
    </groups>
    <test name="BankingApp Test" duration-ms="95151" started-at="2021-06-04T08:30:16Z" finished-at="2021-06-04T08:31:51Z">
      <class name="com.inetBanking.testCases.TC_LoginTest_001">
        <test-method status="PASS" signature="setup(java.lang.String)[pri:0, instance:com.inetBanking.testCases.TC_LoginTest_001@6b53e23f]" name="setup" is-config="true" duration-ms="49688" started-at="2021-06-04T08:30:16Z" finished-at="2021-06-04T08:31:05Z">
          <params>
            <param index="0">
              <value>
                <![CDATA[firefox]]>
              </value>
            </param>
          </params>
          <reporter-output>
          </reporter-output>
        </test-method> <!-- setup -->
        <test-method status="PASS" signature="LoginTest()[pri:0, instance:com.inetBanking.testCases.TC_LoginTest_001@6b53e23f]" name="LoginTest" duration-ms="43656" started-at="2021-06-04T08:31:05Z" finished-at="2021-06-04T08:31:49Z">
          <reporter-output>
          </reporter-output>
        </test-method> <!-- LoginTest -->
        <test-method status="PASS" signature="tearDown()[pri:0, instance:com.inetBanking.testCases.TC_LoginTest_001@6b53e23f]" name="tearDown" is-config="true" duration-ms="1793" started-at="2021-06-04T08:31:49Z" finished-at="2021-06-04T08:31:51Z">
          <reporter-output>
          </reporter-output>
        </test-method> <!-- tearDown -->
      </class> <!-- com.inetBanking.testCases.TC_LoginTest_001 -->
    </test> <!-- BankingApp Test -->
  </suite> <!-- InetBankingV1 -->
</testng-results>
